INFO - 2024-12-10 12:39:32 --> Session: Class initialized using 'CodeIgniter\Session\Handlers\FileHandler' driver.
INFO - 2024-12-10 12:40:07 --> Session: Class initialized using 'CodeIgniter\Session\Handlers\FileHandler' driver.
INFO - 2024-12-10 12:40:16 --> Session: Class initialized using 'CodeIgniter\Session\Handlers\FileHandler' driver.
INFO - 2024-12-10 12:40:16 --> Session: Class initialized using 'CodeIgniter\Session\Handlers\FileHandler' driver.
INFO - 2024-12-10 12:40:24 --> Session: Class initialized using 'CodeIgniter\Session\Handlers\FileHandler' driver.
INFO - 2024-12-10 12:40:24 --> Access Token: 013ae5a5-8915-41b1-9c23-d3775e6afad0
INFO - 2024-12-10 12:40:24 --> Fetching active tasks for project: 67163cadebbd740000000047
ERROR - 2024-12-10 12:40:26 --> API Request Error: Client error: `GET https://api.ticktick.com/api/v2/project/67163cadebbd740000000047/tasks` resulted in a `401 Unauthorized` response:
{"errorId":"65cm86gj@tw11","errorCode":"user_not_sign_on","errorMessage":"user_not_sign_on","data":null}

ERROR - 2024-12-10 12:40:26 --> Error Response: {"errorId":"65cm86gj@tw11","errorCode":"user_not_sign_on","errorMessage":"user_not_sign_on","data":null}
INFO - 2024-12-10 12:43:09 --> Session: Class initialized using 'CodeIgniter\Session\Handlers\FileHandler' driver.
INFO - 2024-12-10 12:43:09 --> Access Token: 013ae5a5-8915-41b1-9c23-d3775e6afad0
INFO - 2024-12-10 12:43:09 --> Fetching active tasks for project: 67163cadebbd740000000047
ERROR - 2024-12-10 12:43:10 --> API Request Error: Client error: `GET https://api.ticktick.com/api/v2/project/67163cadebbd740000000047/tasks` resulted in a `401 Unauthorized` response:
{"errorId":"rbbmhpm0@tw8","errorCode":"user_not_sign_on","errorMessage":"user_not_sign_on","data":null}

ERROR - 2024-12-10 12:43:10 --> Error Response: {"errorId":"rbbmhpm0@tw8","errorCode":"user_not_sign_on","errorMessage":"user_not_sign_on","data":null}
INFO - 2024-12-10 12:46:35 --> Session: Class initialized using 'CodeIgniter\Session\Handlers\FileHandler' driver.
INFO - 2024-12-10 12:46:35 --> Access Token: 013ae5a5-8915-41b1-9c23-d3775e6afad0
INFO - 2024-12-10 12:46:35 --> Fetching active tasks for project: 67163cadebbd740000000047
INFO - 2024-12-10 12:46:36 --> Active Tasks: [{"id":"6720c6dfebbd74000000008c","projectId":"67163cadebbd740000000047","sortOrder":-12348030976,"title":"ErrorTranslatorda color sil","content":"","desc":"","timeZone":"Europe\/Istanbul","isFloating":false,"isAllDay":false,"reminder":"","reminders":[],"exDate":[],"priority":1,"status":0,"items":[],"progress":0,"modifiedTime":"2024-11-11T08:28:21.000+0000","etag":"hw9xkzdj","deleted":0,"createdTime":"2024-10-29T11:28:31.000+0000","creator":116847480,"repeatFrom":"2","attachments":[],"focusSummaries":[],"columnId":"67163cf5ebbd74000000005a","kind":"TEXT","imgMode":0},{"id":"6720db7debbd7400000000b9","projectId":"67163cadebbd740000000047","sortOrder":-12884901888,"title":"Haritalara bak kucuk","content":"","timeZone":"Europe\/Istanbul","isFloating":false,"isAllDay":true,"reminder":"","reminders":[],"exDate":[],"priority":1,"status":0,"items":[],"modifiedTime":"2024-11-11T08:28:22.000+0000","etag":"suopo3wo","deleted":0,"createdTime":"2024-10-29T12:56:29.000+0000","creator":116847480,"repeatFrom":"2","attachments":[],"columnId":"67163cf5ebbd74000000005a","kind":"TEXT","imgMode":0},{"id":"67436ae183329109383d3232","projectId":"67163cadebbd740000000047","sortOrder":-2219966464000,"title":"ResultCategory View sayfalari duzenle result tablosuna gore yapilmis yanis tikla","content":"","desc":"","timeZone":"Europe\/Istanbul","isFloating":false,"isAllDay":false,"reminder":"","reminders":[],"exDate":[],"completedUserId":0,"priority":5,"status":0,"items":[],"progress":0,"modifiedTime":"2024-11-24T18:05:21.000+0000","etag":"jiqjs3gw","deleted":0,"createdTime":"2024-11-24T18:05:21.000+0000","creator":116847480,"tags":[],"attachments":[],"commentCount":0,"focusSummaries":[],"columnId":"67163cf5ebbd74000000005a","kind":"TEXT","imgMode":0},{"id":"6744311debbd740000000075","projectId":"67163cadebbd740000000047","sortOrder":-2220234899456,"title":"BuldDataQuery ve BulkDataQueryAssignment ViewModellerine bakilacak diger tablolarla baglantilariyla iligili","content":"","timeZone":"Europe\/Istanbul","isFloating":false,"isAllDay":true,"reminder":"","reminders":[],"exDate":[],"priority":3,"status":0,"items":[],"modifiedTime":"2024-11-25T08:11:09.000+0000","etag":"lj0qzw5h","deleted":0,"createdTime":"2024-11-25T08:11:09.000+0000","creator":116847480,"repeatFrom":"2","tags":[],"attachments":[],"columnId":"67163cf5ebbd74000000005a","kind":"TEXT","imgMode":0},{"id":"67505658ebbd7400000000c7","projectId":"67163cadebbd740000000047","sortOrder":-2223187689472,"title":"Json inputlar ona gore yap craete ve edit","content":"","timeZone":"Europe\/Istanbul","isFloating":false,"isAllDay":true,"reminder":"","reminders":[],"exDate":[],"priority":5,"status":0,"items":[],"modifiedTime":"2024-12-04T13:17:12.000+0000","etag":"oavlfszt","deleted":0,"createdTime":"2024-12-04T13:17:12.000+0000","creator":116847480,"repeatFrom":"2","tags":[],"attachments":[],"columnId":"67163cf5ebbd74000000005a","kind":"TEXT","imgMode":0},{"id":"67514ed3ebbd740000000056","projectId":"67163cadebbd740000000047","sortOrder":-2223456124928,"title":"Program list sayfalari","content":"","timeZone":"Europe\/Istanbul","isFloating":false,"isAllDay":true,"reminder":"","reminders":[],"exDate":[],"priority":5,"status":0,"items":[],"modifiedTime":"2024-12-05T06:57:23.000+0000","etag":"hpy4pi17","deleted":0,"createdTime":"2024-12-05T06:57:23.000+0000","creator":116847480,"repeatFrom":"2","tags":[],"attachments":[],"columnId":"67163cf5ebbd74000000005a","kind":"TEXT","imgMode":0},{"id":"673afb66ebbd7400000000b3","projectId":"67163cadebbd740000000047","sortOrder":-2218082172928,"title":"4- Di\u011fer modellerin Create ve Edit sayfa tasar\u0131mlar\u0131 Project Create ve Edit sayfalar\u0131n\u0131n tasar\u0131m\u0131 gibi olacak.","content":"","desc":"","timeZone":"Europe\/Istanbul","isFloating":false,"isAllDay":true,"reminder":"","reminders":[],"exDate":[],"completedTime":"2024-12-03T07:43:08.000+0000","completedUserId":116847480,"priority":3,"status":2,"items":[],"progress":0,"modifiedTime":"2024-12-03T07:43:08.000+0000","etag":"95axkucy","deleted":0,"createdTime":"2024-11-18T08:31:34.000+0000","creator":116847480,"repeatFrom":"2","attachments":[],"columnId":"67163cf5ebbd74000000005a","kind":"TEXT","imgMode":0},{"id":"6743428deaf89109383d2a39","projectId":"67163cadebbd740000000047","sortOrder":-2219964366848,"title":"Controllerlarin son 3 metodu Indicatora gore clean yap ","content":"","desc":"","timeZone":"Europe\/Istanbul","isFloating":false,"isAllDay":false,"reminder":"","reminders":[],"exDate":[],"completedTime":"2024-11-25T12:03:07.000+0000","completedUserId":116847480,"priority":5,"status":2,"items":[],"progress":0,"modifiedTime":"2024-11-25T12:03:07.000+0000","etag":"ea24jexe","deleted":0,"createdTime":"2024-11-24T15:13:17.000+0000","creator":116847480,"attachments":[],"commentCount":0,"focusSummaries":[],"columnId":"67163cf5ebbd74000000005a","kind":"TEXT","imgMode":0},{"id":"67434327ef639109383d2abd","projectId":"67163cadebbd740000000047","sortOrder":-2219965415424,"title":"Yorumlari kontorl et","content":"","desc":"","timeZone":"Europe\/Istanbul","isFloating":false,"isAllDay":false,"reminder":"","reminders":[],"exDate":[],"completedTime":"2024-11-25T12:03:03.000+0000","completedUserId":116847480,"priority":5,"status":2,"items":[],"progress":0,"modifiedTime":"2024-11-25T12:03:03.000+0000","etag":"vkno8105","deleted":0,"createdTime":"2024-11-24T15:15:51.000+0000","creator":116847480,"attachments":[],"commentCount":0,"focusSummaries":[],"columnId":"67163cf5ebbd74000000005a","kind":"TEXT","imgMode":0},{"id":"673afb17ebbd74000000009b","projectId":"67163cadebbd740000000047","sortOrder":-2217545302016,"title":"2- AssignViewBagPropertyOptionsAsync fonksionu baska yerlerde gerekli mi","content":"","desc":"","timeZone":"Europe\/Istanbul","isFloating":false,"isAllDay":true,"reminder":"","reminders":[],"exDate":[],"completedTime":"2024-11-25T09:01:50.000+0000","completedUserId":116847480,"priority":1,"status":2,"items":[],"progress":0,"modifiedTime":"2024-11-25T09:01:50.000+0000","etag":"isf5n43n","deleted":0,"createdTime":"2024-11-18T08:30:15.000+0000","creator":116847480,"repeatFrom":"2","attachments":[],"columnId":"67163cf5ebbd74000000005a","kind":"TEXT","imgMode":0},{"id":"673afb4aebbd7400000000a7","projectId":"67163cadebbd740000000047","sortOrder":-2217813737472,"title":"3- Project Create ve Edit sayfalar\u0131nda kullan\u0131lan Select2 ve Tempus Dominus DatePicker bile\u015fenlerinin nasil kullanildigini arastir ve gerekli yerlerde yerlestir","content":"","desc":"","timeZone":"Europe\/Istanbul","isFloating":false,"isAllDay":true,"reminder":"","reminders":[],"exDate":[],"completedTime":"2024-11-25T09:01:47.000+0000","completedUserId":116847480,"priority":1,"status":2,"items":[],"progress":0,"modifiedTime":"2024-11-25T09:01:47.000+0000","etag":"wdoo8ohk","deleted":0,"createdTime":"2024-11-18T08:31:06.000+0000","creator":116847480,"repeatFrom":"2","attachments":[],"columnId":"67163cf5ebbd74000000005a","kind":"TEXT","imgMode":0}]
INFO - 2024-12-10 12:47:25 --> Session: Class initialized using 'CodeIgniter\Session\Handlers\FileHandler' driver.
INFO - 2024-12-10 12:47:25 --> Access Token: 013ae5a5-8915-41b1-9c23-d3775e6afad0
INFO - 2024-12-10 12:47:25 --> Fetching active tasks for project: 67163cadebbd740000000047
CRITICAL - 2024-12-10 12:47:25 --> InvalidArgumentException: "_csrf_token=DVNiPsv3HGDPWLLXDsuJGfw6T910ai5Yf3K63v8feJw-1733834669; 
                            t=154BB8FE91446783940C5A8DD06C16A85BC1DED6A51E7475E0983542FD6EE1D406071CA7A9C5909911A49ADE375A68820fD62B4AB3A27AF8D4742E0D4E0EAD4590AA690831730574E02BE31C105629E8A11BFEDBB2B1F78967ACD19DD0287C04C82BEE463B1431075BC4DD36207DCA5A811BFEDBB2B1F7896041B508B843474786CF86C22D8CAD396D5E301B4DB63E77624D6ADDF6719A2D54CAF2AB2F9925BD37353686E6CEE8A83;
                            AWSALB=OO7F5RoY96DDBFRb6Y75X0Nld5vi1gh75ODCU8vqQKnxib85babW36NgTJHAZUGRZJ5tUAFB1F9P7b6EyvnquGr7/qwNtjKd3emdmeqdfegXkkSGCGGwR6BasQuc; 
                            AWSALBCORS=OO7F5RoY96DDBFRb6Y75X0Nld5vi1gh75ODCU8vqQKnxib85babW36NgTJHAZUGRZJ5tUAFB1F9P7b6EyvnquGr7/qwNtjKd3emdmeqdfegXkkSGCGGwR6BasQuc" is not valid header value.
[Method: GET, Route: ticktick/getProjectTasks/67163cadebbd740000000047/data]
in VENDORPATH\guzzlehttp\psr7\src\MessageTrait.php on line 260.
 1 VENDORPATH\guzzlehttp\psr7\src\MessageTrait.php(209): GuzzleHttp\Psr7\Request->assertValue()
 2 [internal function]: GuzzleHttp\Psr7\Request->GuzzleHttp\Psr7\{closure}()
 3 VENDORPATH\guzzlehttp\psr7\src\MessageTrait.php(200): array_map()
 4 VENDORPATH\guzzlehttp\psr7\src\MessageTrait.php(174): GuzzleHttp\Psr7\Request->trimAndValidateHeaderValues()
 5 VENDORPATH\guzzlehttp\psr7\src\MessageTrait.php(154): GuzzleHttp\Psr7\Request->normalizeHeaderValue()
 6 VENDORPATH\guzzlehttp\psr7\src\Request.php(49): GuzzleHttp\Psr7\Request->setHeaders()
 7 VENDORPATH\guzzlehttp\guzzle\src\Client.php(165): GuzzleHttp\Psr7\Request->__construct()
 8 VENDORPATH\guzzlehttp\guzzle\src\Client.php(189): GuzzleHttp\Client->requestAsync()
 9 VENDORPATH\guzzlehttp\guzzle\src\ClientTrait.php(44): GuzzleHttp\Client->request()
10 APPPATH\Controllers\TickTickController.php(148): GuzzleHttp\Client->get()
11 SYSTEMPATH\CodeIgniter.php(933): App\Controllers\TickTickController->getProjectTasks()
12 SYSTEMPATH\CodeIgniter.php(509): CodeIgniter\CodeIgniter->runController()
13 SYSTEMPATH\CodeIgniter.php(355): CodeIgniter\CodeIgniter->handleRequest()
14 SYSTEMPATH\Boot.php(325): CodeIgniter\CodeIgniter->run()
15 SYSTEMPATH\Boot.php(67): CodeIgniter\Boot::runCodeIgniter()
16 FCPATH\index.php(56): CodeIgniter\Boot::bootWeb()
17 SYSTEMPATH\rewrite.php(44): require_once('C:\\Users\\faruk\\Documents\\github\\ticktick-notion-php\\public\\index.php')
INFO - 2024-12-10 12:47:30 --> Session: Class initialized using 'CodeIgniter\Session\Handlers\FileHandler' driver.
INFO - 2024-12-10 12:47:30 --> Access Token: 013ae5a5-8915-41b1-9c23-d3775e6afad0
INFO - 2024-12-10 12:47:30 --> Fetching active tasks for project: 67163cadebbd740000000047
CRITICAL - 2024-12-10 12:47:30 --> InvalidArgumentException: "_csrf_token=DVNiPsv3HGDPWLLXDsuJGfw6T910ai5Yf3K63v8feJw-1733834669; 
                            t=154BB8FE91446783940C5A8DD06C16A85BC1DED6A51E7475E0983542FD6EE1D406071CA7A9C5909911A49ADE375A68820D62B4AB3A27AF8D4742E0D4E0EAD4590AA690831730574E02BE31C105629E8A11BFEDBB2B1F78967ACD19DD0287C04C82BEE463B1431075BC4DD36207DCA5A811BFEDBB2B1F7896041B508B843474786CF86C22D8CAD396D5E301B4DB63E77624D6ADDF6719A2D54CAF2AB2F9925BD37353686E6CEE8A83;
                            AWSALB=OO7F5RoY96DDBFRb6Y75X0Nld5vi1gh75ODCU8vqQKnxib85babW36NgTJHAZUGRZJ5tUAFB1F9P7b6EyvnquGr7/qwNtjKd3emdmeqdfegXkkSGCGGwR6BasQuc; 
                            AWSALBCORS=OO7F5RoY96DDBFRb6Y75X0Nld5vi1gh75ODCU8vqQKnxib85babW36NgTJHAZUGRZJ5tUAFB1F9P7b6EyvnquGr7/qwNtjKd3emdmeqdfegXkkSGCGGwR6BasQuc" is not valid header value.
[Method: GET, Route: ticktick/getProjectTasks/67163cadebbd740000000047/data]
in VENDORPATH\guzzlehttp\psr7\src\MessageTrait.php on line 260.
 1 VENDORPATH\guzzlehttp\psr7\src\MessageTrait.php(209): GuzzleHttp\Psr7\Request->assertValue()
 2 [internal function]: GuzzleHttp\Psr7\Request->GuzzleHttp\Psr7\{closure}()
 3 VENDORPATH\guzzlehttp\psr7\src\MessageTrait.php(200): array_map()
 4 VENDORPATH\guzzlehttp\psr7\src\MessageTrait.php(174): GuzzleHttp\Psr7\Request->trimAndValidateHeaderValues()
 5 VENDORPATH\guzzlehttp\psr7\src\MessageTrait.php(154): GuzzleHttp\Psr7\Request->normalizeHeaderValue()
 6 VENDORPATH\guzzlehttp\psr7\src\Request.php(49): GuzzleHttp\Psr7\Request->setHeaders()
 7 VENDORPATH\guzzlehttp\guzzle\src\Client.php(165): GuzzleHttp\Psr7\Request->__construct()
 8 VENDORPATH\guzzlehttp\guzzle\src\Client.php(189): GuzzleHttp\Client->requestAsync()
 9 VENDORPATH\guzzlehttp\guzzle\src\ClientTrait.php(44): GuzzleHttp\Client->request()
10 APPPATH\Controllers\TickTickController.php(148): GuzzleHttp\Client->get()
11 SYSTEMPATH\CodeIgniter.php(933): App\Controllers\TickTickController->getProjectTasks()
12 SYSTEMPATH\CodeIgniter.php(509): CodeIgniter\CodeIgniter->runController()
13 SYSTEMPATH\CodeIgniter.php(355): CodeIgniter\CodeIgniter->handleRequest()
14 SYSTEMPATH\Boot.php(325): CodeIgniter\CodeIgniter->run()
15 SYSTEMPATH\Boot.php(67): CodeIgniter\Boot::runCodeIgniter()
16 FCPATH\index.php(56): CodeIgniter\Boot::bootWeb()
17 SYSTEMPATH\rewrite.php(44): require_once('C:\\Users\\faruk\\Documents\\github\\ticktick-notion-php\\public\\index.php')
INFO - 2024-12-10 12:47:47 --> Session: Class initialized using 'CodeIgniter\Session\Handlers\FileHandler' driver.
INFO - 2024-12-10 12:47:47 --> Access Token: 013ae5a5-8915-41b1-9c23-d3775e6afad0
INFO - 2024-12-10 12:47:47 --> Fetching active tasks for project: 67163cadebbd740000000047
INFO - 2024-12-10 12:47:49 --> Active Tasks: [{"id":"6720c6dfebbd74000000008c","projectId":"67163cadebbd740000000047","sortOrder":-12348030976,"title":"ErrorTranslatorda color sil","content":"","desc":"","timeZone":"Europe\/Istanbul","isFloating":false,"isAllDay":false,"reminder":"","reminders":[],"exDate":[],"priority":1,"status":0,"items":[],"progress":0,"modifiedTime":"2024-11-11T08:28:21.000+0000","etag":"hw9xkzdj","deleted":0,"createdTime":"2024-10-29T11:28:31.000+0000","creator":116847480,"repeatFrom":"2","attachments":[],"focusSummaries":[],"columnId":"67163cf5ebbd74000000005a","kind":"TEXT","imgMode":0},{"id":"6720db7debbd7400000000b9","projectId":"67163cadebbd740000000047","sortOrder":-12884901888,"title":"Haritalara bak kucuk","content":"","timeZone":"Europe\/Istanbul","isFloating":false,"isAllDay":true,"reminder":"","reminders":[],"exDate":[],"priority":1,"status":0,"items":[],"modifiedTime":"2024-11-11T08:28:22.000+0000","etag":"suopo3wo","deleted":0,"createdTime":"2024-10-29T12:56:29.000+0000","creator":116847480,"repeatFrom":"2","attachments":[],"columnId":"67163cf5ebbd74000000005a","kind":"TEXT","imgMode":0},{"id":"67436ae183329109383d3232","projectId":"67163cadebbd740000000047","sortOrder":-2219966464000,"title":"ResultCategory View sayfalari duzenle result tablosuna gore yapilmis yanis tikla","content":"","desc":"","timeZone":"Europe\/Istanbul","isFloating":false,"isAllDay":false,"reminder":"","reminders":[],"exDate":[],"completedUserId":0,"priority":5,"status":0,"items":[],"progress":0,"modifiedTime":"2024-11-24T18:05:21.000+0000","etag":"jiqjs3gw","deleted":0,"createdTime":"2024-11-24T18:05:21.000+0000","creator":116847480,"tags":[],"attachments":[],"commentCount":0,"focusSummaries":[],"columnId":"67163cf5ebbd74000000005a","kind":"TEXT","imgMode":0},{"id":"6744311debbd740000000075","projectId":"67163cadebbd740000000047","sortOrder":-2220234899456,"title":"BuldDataQuery ve BulkDataQueryAssignment ViewModellerine bakilacak diger tablolarla baglantilariyla iligili","content":"","timeZone":"Europe\/Istanbul","isFloating":false,"isAllDay":true,"reminder":"","reminders":[],"exDate":[],"priority":3,"status":0,"items":[],"modifiedTime":"2024-11-25T08:11:09.000+0000","etag":"lj0qzw5h","deleted":0,"createdTime":"2024-11-25T08:11:09.000+0000","creator":116847480,"repeatFrom":"2","tags":[],"attachments":[],"columnId":"67163cf5ebbd74000000005a","kind":"TEXT","imgMode":0},{"id":"67505658ebbd7400000000c7","projectId":"67163cadebbd740000000047","sortOrder":-2223187689472,"title":"Json inputlar ona gore yap craete ve edit","content":"","timeZone":"Europe\/Istanbul","isFloating":false,"isAllDay":true,"reminder":"","reminders":[],"exDate":[],"priority":5,"status":0,"items":[],"modifiedTime":"2024-12-04T13:17:12.000+0000","etag":"oavlfszt","deleted":0,"createdTime":"2024-12-04T13:17:12.000+0000","creator":116847480,"repeatFrom":"2","tags":[],"attachments":[],"columnId":"67163cf5ebbd74000000005a","kind":"TEXT","imgMode":0},{"id":"67514ed3ebbd740000000056","projectId":"67163cadebbd740000000047","sortOrder":-2223456124928,"title":"Program list sayfalari","content":"","timeZone":"Europe\/Istanbul","isFloating":false,"isAllDay":true,"reminder":"","reminders":[],"exDate":[],"priority":5,"status":0,"items":[],"modifiedTime":"2024-12-05T06:57:23.000+0000","etag":"hpy4pi17","deleted":0,"createdTime":"2024-12-05T06:57:23.000+0000","creator":116847480,"repeatFrom":"2","tags":[],"attachments":[],"columnId":"67163cf5ebbd74000000005a","kind":"TEXT","imgMode":0},{"id":"673afb66ebbd7400000000b3","projectId":"67163cadebbd740000000047","sortOrder":-2218082172928,"title":"4- Di\u011fer modellerin Create ve Edit sayfa tasar\u0131mlar\u0131 Project Create ve Edit sayfalar\u0131n\u0131n tasar\u0131m\u0131 gibi olacak.","content":"","desc":"","timeZone":"Europe\/Istanbul","isFloating":false,"isAllDay":true,"reminder":"","reminders":[],"exDate":[],"completedTime":"2024-12-03T07:43:08.000+0000","completedUserId":116847480,"priority":3,"status":2,"items":[],"progress":0,"modifiedTime":"2024-12-03T07:43:08.000+0000","etag":"95axkucy","deleted":0,"createdTime":"2024-11-18T08:31:34.000+0000","creator":116847480,"repeatFrom":"2","attachments":[],"columnId":"67163cf5ebbd74000000005a","kind":"TEXT","imgMode":0},{"id":"6743428deaf89109383d2a39","projectId":"67163cadebbd740000000047","sortOrder":-2219964366848,"title":"Controllerlarin son 3 metodu Indicatora gore clean yap ","content":"","desc":"","timeZone":"Europe\/Istanbul","isFloating":false,"isAllDay":false,"reminder":"","reminders":[],"exDate":[],"completedTime":"2024-11-25T12:03:07.000+0000","completedUserId":116847480,"priority":5,"status":2,"items":[],"progress":0,"modifiedTime":"2024-11-25T12:03:07.000+0000","etag":"ea24jexe","deleted":0,"createdTime":"2024-11-24T15:13:17.000+0000","creator":116847480,"attachments":[],"commentCount":0,"focusSummaries":[],"columnId":"67163cf5ebbd74000000005a","kind":"TEXT","imgMode":0},{"id":"67434327ef639109383d2abd","projectId":"67163cadebbd740000000047","sortOrder":-2219965415424,"title":"Yorumlari kontorl et","content":"","desc":"","timeZone":"Europe\/Istanbul","isFloating":false,"isAllDay":false,"reminder":"","reminders":[],"exDate":[],"completedTime":"2024-11-25T12:03:03.000+0000","completedUserId":116847480,"priority":5,"status":2,"items":[],"progress":0,"modifiedTime":"2024-11-25T12:03:03.000+0000","etag":"vkno8105","deleted":0,"createdTime":"2024-11-24T15:15:51.000+0000","creator":116847480,"attachments":[],"commentCount":0,"focusSummaries":[],"columnId":"67163cf5ebbd74000000005a","kind":"TEXT","imgMode":0},{"id":"673afb17ebbd74000000009b","projectId":"67163cadebbd740000000047","sortOrder":-2217545302016,"title":"2- AssignViewBagPropertyOptionsAsync fonksionu baska yerlerde gerekli mi","content":"","desc":"","timeZone":"Europe\/Istanbul","isFloating":false,"isAllDay":true,"reminder":"","reminders":[],"exDate":[],"completedTime":"2024-11-25T09:01:50.000+0000","completedUserId":116847480,"priority":1,"status":2,"items":[],"progress":0,"modifiedTime":"2024-11-25T09:01:50.000+0000","etag":"isf5n43n","deleted":0,"createdTime":"2024-11-18T08:30:15.000+0000","creator":116847480,"repeatFrom":"2","attachments":[],"columnId":"67163cf5ebbd74000000005a","kind":"TEXT","imgMode":0},{"id":"673afb4aebbd7400000000a7","projectId":"67163cadebbd740000000047","sortOrder":-2217813737472,"title":"3- Project Create ve Edit sayfalar\u0131nda kullan\u0131lan Select2 ve Tempus Dominus DatePicker bile\u015fenlerinin nasil kullanildigini arastir ve gerekli yerlerde yerlestir","content":"","desc":"","timeZone":"Europe\/Istanbul","isFloating":false,"isAllDay":true,"reminder":"","reminders":[],"exDate":[],"completedTime":"2024-11-25T09:01:47.000+0000","completedUserId":116847480,"priority":1,"status":2,"items":[],"progress":0,"modifiedTime":"2024-11-25T09:01:47.000+0000","etag":"wdoo8ohk","deleted":0,"createdTime":"2024-11-18T08:31:06.000+0000","creator":116847480,"repeatFrom":"2","attachments":[],"columnId":"67163cf5ebbd74000000005a","kind":"TEXT","imgMode":0}]
INFO - 2024-12-10 12:48:54 --> Session: Class initialized using 'CodeIgniter\Session\Handlers\FileHandler' driver.
INFO - 2024-12-10 12:48:54 --> Access Token: 013ae5a5-8915-41b1-9c23-d3775e6afad0
INFO - 2024-12-10 12:48:54 --> Fetching active tasks for project: 67163cadebbd740000000047
CRITICAL - 2024-12-10 12:48:54 --> TypeError: Unsupported operand types: string + string
[Method: GET, Route: ticktick/getProjectTasks/67163cadebbd740000000047/data]
in APPPATH\Controllers\TickTickController.php on line 153.
 1 SYSTEMPATH\CodeIgniter.php(933): App\Controllers\TickTickController->getProjectTasks()
 2 SYSTEMPATH\CodeIgniter.php(509): CodeIgniter\CodeIgniter->runController()
 3 SYSTEMPATH\CodeIgniter.php(355): CodeIgniter\CodeIgniter->handleRequest()
 4 SYSTEMPATH\Boot.php(325): CodeIgniter\CodeIgniter->run()
 5 SYSTEMPATH\Boot.php(67): CodeIgniter\Boot::runCodeIgniter()
 6 FCPATH\index.php(56): CodeIgniter\Boot::bootWeb()
 7 SYSTEMPATH\rewrite.php(44): require_once('C:\\Users\\faruk\\Documents\\github\\ticktick-notion-php\\public\\index.php')
CRITICAL - 2024-12-10 13:03:15 --> TypeError: json_decode(): Argument #1 ($json) must be of type string, array given
[Method: GET, Route: ticktick/login]
in APPPATH\Controllers\TickTickController.php on line 221.
 1 APPPATH\Controllers\TickTickController.php(221): json_decode()
 2 SYSTEMPATH\CodeIgniter.php(933): App\Controllers\TickTickController->login()
 3 SYSTEMPATH\CodeIgniter.php(509): CodeIgniter\CodeIgniter->runController()
 4 SYSTEMPATH\CodeIgniter.php(355): CodeIgniter\CodeIgniter->handleRequest()
 5 SYSTEMPATH\Boot.php(325): CodeIgniter\CodeIgniter->run()
 6 SYSTEMPATH\Boot.php(67): CodeIgniter\Boot::runCodeIgniter()
 7 FCPATH\index.php(56): CodeIgniter\Boot::bootWeb()
 8 SYSTEMPATH\rewrite.php(44): require_once('C:\\Users\\faruk\\Documents\\github\\ticktick-notion-php\\public\\index.php')
CRITICAL - 2024-12-10 13:10:19 --> TypeError: Unsupported operand types: string + string
[Method: GET, Route: ticktick/login]
in APPPATH\Controllers\TickTickController.php on line 222.
 1 SYSTEMPATH\CodeIgniter.php(933): App\Controllers\TickTickController->login()
 2 SYSTEMPATH\CodeIgniter.php(509): CodeIgniter\CodeIgniter->runController()
 3 SYSTEMPATH\CodeIgniter.php(355): CodeIgniter\CodeIgniter->handleRequest()
 4 SYSTEMPATH\Boot.php(325): CodeIgniter\CodeIgniter->run()
 5 SYSTEMPATH\Boot.php(67): CodeIgniter\Boot::runCodeIgniter()
 6 FCPATH\index.php(56): CodeIgniter\Boot::bootWeb()
 7 SYSTEMPATH\rewrite.php(44): require_once('C:\\Users\\faruk\\Documents\\github\\ticktick-notion-php\\public\\index.php')
CRITICAL - 2024-12-10 13:10:54 --> TypeError: Unsupported operand types: string + string
[Method: GET, Route: ticktick/login]
in APPPATH\Controllers\TickTickController.php on line 222.
 1 SYSTEMPATH\CodeIgniter.php(933): App\Controllers\TickTickController->login()
 2 SYSTEMPATH\CodeIgniter.php(509): CodeIgniter\CodeIgniter->runController()
 3 SYSTEMPATH\CodeIgniter.php(355): CodeIgniter\CodeIgniter->handleRequest()
 4 SYSTEMPATH\Boot.php(325): CodeIgniter\CodeIgniter->run()
 5 SYSTEMPATH\Boot.php(67): CodeIgniter\Boot::runCodeIgniter()
 6 FCPATH\index.php(56): CodeIgniter\Boot::bootWeb()
 7 SYSTEMPATH\rewrite.php(44): require_once('C:\\Users\\faruk\\Documents\\github\\ticktick-notion-php\\public\\index.php')
CRITICAL - 2024-12-10 13:11:29 --> TypeError: Unsupported operand types: string + string
[Method: GET, Route: ticktick/login]
in APPPATH\Controllers\TickTickController.php on line 222.
 1 SYSTEMPATH\CodeIgniter.php(933): App\Controllers\TickTickController->login()
 2 SYSTEMPATH\CodeIgniter.php(509): CodeIgniter\CodeIgniter->runController()
 3 SYSTEMPATH\CodeIgniter.php(355): CodeIgniter\CodeIgniter->handleRequest()
 4 SYSTEMPATH\Boot.php(325): CodeIgniter\CodeIgniter->run()
 5 SYSTEMPATH\Boot.php(67): CodeIgniter\Boot::runCodeIgniter()
 6 FCPATH\index.php(56): CodeIgniter\Boot::bootWeb()
 7 SYSTEMPATH\rewrite.php(44): require_once('C:\\Users\\faruk\\Documents\\github\\ticktick-notion-php\\public\\index.php')
INFO - 2024-12-10 13:14:50 --> Session: Class initialized using 'CodeIgniter\Session\Handlers\FileHandler' driver.
INFO - 2024-12-10 13:14:55 --> Session: Class initialized using 'CodeIgniter\Session\Handlers\FileHandler' driver.
INFO - 2024-12-10 13:14:55 --> Access Token: 013ae5a5-8915-41b1-9c23-d3775e6afad0
INFO - 2024-12-10 13:14:55 --> Fetching active tasks for project: 67163cadebbd740000000047
ERROR - 2024-12-10 13:14:57 --> API Request Error: Client error: `GET https://api.ticktick.com/api/v2/project/67163cadebbd740000000047/tasks` resulted in a `401 Unauthorized` response:
{"errorId":"ofkc01sj@tw11","errorCode":"user_not_sign_on","errorMessage":"user_not_sign_on","data":null}

ERROR - 2024-12-10 13:14:57 --> Error Response: {"errorId":"ofkc01sj@tw11","errorCode":"user_not_sign_on","errorMessage":"user_not_sign_on","data":null}
INFO - 2024-12-10 13:15:21 --> Session: Class initialized using 'CodeIgniter\Session\Handlers\FileHandler' driver.
INFO - 2024-12-10 13:15:22 --> Session: Class initialized using 'CodeIgniter\Session\Handlers\FileHandler' driver.
INFO - 2024-12-10 13:15:26 --> Session: Class initialized using 'CodeIgniter\Session\Handlers\FileHandler' driver.
INFO - 2024-12-10 13:15:26 --> Access Token: 013ae5a5-8915-41b1-9c23-d3775e6afad0
INFO - 2024-12-10 13:15:26 --> Fetching active tasks for project: 67163cadebbd740000000047
INFO - 2024-12-10 13:15:43 --> Session: Class initialized using 'CodeIgniter\Session\Handlers\FileHandler' driver.
INFO - 2024-12-10 13:15:43 --> Access Token: 013ae5a5-8915-41b1-9c23-d3775e6afad0
INFO - 2024-12-10 13:15:43 --> Fetching active tasks for project: 67163cadebbd740000000047
INFO - 2024-12-10 13:15:44 --> Active Tasks: [{"id":"6720c6dfebbd74000000008c","projectId":"67163cadebbd740000000047","sortOrder":-12348030976,"title":"ErrorTranslatorda color sil","content":"","desc":"","timeZone":"Europe\/Istanbul","isFloating":false,"isAllDay":false,"reminder":"","reminders":[],"exDate":[],"priority":1,"status":0,"items":[],"progress":0,"modifiedTime":"2024-11-11T08:28:21.000+0000","etag":"hw9xkzdj","deleted":0,"createdTime":"2024-10-29T11:28:31.000+0000","creator":116847480,"repeatFrom":"2","attachments":[],"focusSummaries":[],"columnId":"67163cf5ebbd74000000005a","kind":"TEXT","imgMode":0},{"id":"6720db7debbd7400000000b9","projectId":"67163cadebbd740000000047","sortOrder":-12884901888,"title":"Haritalara bak kucuk","content":"","timeZone":"Europe\/Istanbul","isFloating":false,"isAllDay":true,"reminder":"","reminders":[],"exDate":[],"priority":1,"status":0,"items":[],"modifiedTime":"2024-11-11T08:28:22.000+0000","etag":"suopo3wo","deleted":0,"createdTime":"2024-10-29T12:56:29.000+0000","creator":116847480,"repeatFrom":"2","attachments":[],"columnId":"67163cf5ebbd74000000005a","kind":"TEXT","imgMode":0},{"id":"67436ae183329109383d3232","projectId":"67163cadebbd740000000047","sortOrder":-2219966464000,"title":"ResultCategory View sayfalari duzenle result tablosuna gore yapilmis yanis tikla","content":"","desc":"","timeZone":"Europe\/Istanbul","isFloating":false,"isAllDay":false,"reminder":"","reminders":[],"exDate":[],"completedUserId":0,"priority":5,"status":0,"items":[],"progress":0,"modifiedTime":"2024-11-24T18:05:21.000+0000","etag":"jiqjs3gw","deleted":0,"createdTime":"2024-11-24T18:05:21.000+0000","creator":116847480,"tags":[],"attachments":[],"commentCount":0,"focusSummaries":[],"columnId":"67163cf5ebbd74000000005a","kind":"TEXT","imgMode":0},{"id":"6744311debbd740000000075","projectId":"67163cadebbd740000000047","sortOrder":-2220234899456,"title":"BuldDataQuery ve BulkDataQueryAssignment ViewModellerine bakilacak diger tablolarla baglantilariyla iligili","content":"","timeZone":"Europe\/Istanbul","isFloating":false,"isAllDay":true,"reminder":"","reminders":[],"exDate":[],"priority":3,"status":0,"items":[],"modifiedTime":"2024-11-25T08:11:09.000+0000","etag":"lj0qzw5h","deleted":0,"createdTime":"2024-11-25T08:11:09.000+0000","creator":116847480,"repeatFrom":"2","tags":[],"attachments":[],"columnId":"67163cf5ebbd74000000005a","kind":"TEXT","imgMode":0},{"id":"67505658ebbd7400000000c7","projectId":"67163cadebbd740000000047","sortOrder":-2223187689472,"title":"Json inputlar ona gore yap craete ve edit","content":"","timeZone":"Europe\/Istanbul","isFloating":false,"isAllDay":true,"reminder":"","reminders":[],"exDate":[],"priority":5,"status":0,"items":[],"modifiedTime":"2024-12-04T13:17:12.000+0000","etag":"oavlfszt","deleted":0,"createdTime":"2024-12-04T13:17:12.000+0000","creator":116847480,"repeatFrom":"2","tags":[],"attachments":[],"columnId":"67163cf5ebbd74000000005a","kind":"TEXT","imgMode":0},{"id":"67514ed3ebbd740000000056","projectId":"67163cadebbd740000000047","sortOrder":-2223456124928,"title":"Program list sayfalari","content":"","timeZone":"Europe\/Istanbul","isFloating":false,"isAllDay":true,"reminder":"","reminders":[],"exDate":[],"priority":5,"status":0,"items":[],"modifiedTime":"2024-12-05T06:57:23.000+0000","etag":"hpy4pi17","deleted":0,"createdTime":"2024-12-05T06:57:23.000+0000","creator":116847480,"repeatFrom":"2","tags":[],"attachments":[],"columnId":"67163cf5ebbd74000000005a","kind":"TEXT","imgMode":0},{"id":"673afb66ebbd7400000000b3","projectId":"67163cadebbd740000000047","sortOrder":-2218082172928,"title":"4- Di\u011fer modellerin Create ve Edit sayfa tasar\u0131mlar\u0131 Project Create ve Edit sayfalar\u0131n\u0131n tasar\u0131m\u0131 gibi olacak.","content":"","desc":"","timeZone":"Europe\/Istanbul","isFloating":false,"isAllDay":true,"reminder":"","reminders":[],"exDate":[],"completedTime":"2024-12-03T07:43:08.000+0000","completedUserId":116847480,"priority":3,"status":2,"items":[],"progress":0,"modifiedTime":"2024-12-03T07:43:08.000+0000","etag":"95axkucy","deleted":0,"createdTime":"2024-11-18T08:31:34.000+0000","creator":116847480,"repeatFrom":"2","attachments":[],"columnId":"67163cf5ebbd74000000005a","kind":"TEXT","imgMode":0},{"id":"6743428deaf89109383d2a39","projectId":"67163cadebbd740000000047","sortOrder":-2219964366848,"title":"Controllerlarin son 3 metodu Indicatora gore clean yap ","content":"","desc":"","timeZone":"Europe\/Istanbul","isFloating":false,"isAllDay":false,"reminder":"","reminders":[],"exDate":[],"completedTime":"2024-11-25T12:03:07.000+0000","completedUserId":116847480,"priority":5,"status":2,"items":[],"progress":0,"modifiedTime":"2024-11-25T12:03:07.000+0000","etag":"ea24jexe","deleted":0,"createdTime":"2024-11-24T15:13:17.000+0000","creator":116847480,"attachments":[],"commentCount":0,"focusSummaries":[],"columnId":"67163cf5ebbd74000000005a","kind":"TEXT","imgMode":0},{"id":"67434327ef639109383d2abd","projectId":"67163cadebbd740000000047","sortOrder":-2219965415424,"title":"Yorumlari kontorl et","content":"","desc":"","timeZone":"Europe\/Istanbul","isFloating":false,"isAllDay":false,"reminder":"","reminders":[],"exDate":[],"completedTime":"2024-11-25T12:03:03.000+0000","completedUserId":116847480,"priority":5,"status":2,"items":[],"progress":0,"modifiedTime":"2024-11-25T12:03:03.000+0000","etag":"vkno8105","deleted":0,"createdTime":"2024-11-24T15:15:51.000+0000","creator":116847480,"attachments":[],"commentCount":0,"focusSummaries":[],"columnId":"67163cf5ebbd74000000005a","kind":"TEXT","imgMode":0},{"id":"673afb17ebbd74000000009b","projectId":"67163cadebbd740000000047","sortOrder":-2217545302016,"title":"2- AssignViewBagPropertyOptionsAsync fonksionu baska yerlerde gerekli mi","content":"","desc":"","timeZone":"Europe\/Istanbul","isFloating":false,"isAllDay":true,"reminder":"","reminders":[],"exDate":[],"completedTime":"2024-11-25T09:01:50.000+0000","completedUserId":116847480,"priority":1,"status":2,"items":[],"progress":0,"modifiedTime":"2024-11-25T09:01:50.000+0000","etag":"isf5n43n","deleted":0,"createdTime":"2024-11-18T08:30:15.000+0000","creator":116847480,"repeatFrom":"2","attachments":[],"columnId":"67163cf5ebbd74000000005a","kind":"TEXT","imgMode":0},{"id":"673afb4aebbd7400000000a7","projectId":"67163cadebbd740000000047","sortOrder":-2217813737472,"title":"3- Project Create ve Edit sayfalar\u0131nda kullan\u0131lan Select2 ve Tempus Dominus DatePicker bile\u015fenlerinin nasil kullanildigini arastir ve gerekli yerlerde yerlestir","content":"","desc":"","timeZone":"Europe\/Istanbul","isFloating":false,"isAllDay":true,"reminder":"","reminders":[],"exDate":[],"completedTime":"2024-11-25T09:01:47.000+0000","completedUserId":116847480,"priority":1,"status":2,"items":[],"progress":0,"modifiedTime":"2024-11-25T09:01:47.000+0000","etag":"wdoo8ohk","deleted":0,"createdTime":"2024-11-18T08:31:06.000+0000","creator":116847480,"repeatFrom":"2","attachments":[],"columnId":"67163cf5ebbd74000000005a","kind":"TEXT","imgMode":0}]
