INFO - 2024-11-27 12:28:38 --> Session: Class initialized using 'CodeIgniter\Session\Handlers\FileHandler' driver.
INFO - 2024-11-27 12:28:48 --> Session: Class initialized using 'CodeIgniter\Session\Handlers\FileHandler' driver.
INFO - 2024-11-27 12:28:49 --> Session: Class initialized using 'CodeIgniter\Session\Handlers\FileHandler' driver.
INFO - 2024-11-27 12:29:01 --> Session: Class initialized using 'CodeIgniter\Session\Handlers\FileHandler' driver.
ERROR - 2024-11-27 12:29:02 --> TickTick Login Error: Server error: `POST https://ticktick.com/api/v2/user/signon?wc=true&remember=true` resulted in a `500 Internal Server Error` response:
{"errorId":"mmiuylz5@tw8","errorCode":"access_forbidden","errorMessage":"access_forbidden","data":null}

ERROR - 2024-11-27 12:29:02 --> Response Body: {"errorId":"mmiuylz5@tw8","errorCode":"access_forbidden","errorMessage":"access_forbidden","data":null}
ERROR - 2024-11-27 12:31:38 --> TickTick Login Error: Server error: `POST https://ticktick.com/api/v2/user/signon?wc=true&remember=true` resulted in a `500 Internal Server Error` response:
{"errorId":"52whpw71@tw11","errorCode":"access_forbidden","errorMessage":"access_forbidden","data":null}

ERROR - 2024-11-27 12:31:38 --> Response Body: {"errorId":"52whpw71@tw11","errorCode":"access_forbidden","errorMessage":"access_forbidden","data":null}
INFO - 2024-11-27 12:33:25 --> Session: Class initialized using 'CodeIgniter\Session\Handlers\FileHandler' driver.
INFO - 2024-11-27 12:34:41 --> Session: Class initialized using 'CodeIgniter\Session\Handlers\FileHandler' driver.
INFO - 2024-11-27 12:34:45 --> Session: Class initialized using 'CodeIgniter\Session\Handlers\FileHandler' driver.
INFO - 2024-11-27 12:36:18 --> Session: Class initialized using 'CodeIgniter\Session\Handlers\FileHandler' driver.
INFO - 2024-11-27 12:40:08 --> Session: Class initialized using 'CodeIgniter\Session\Handlers\FileHandler' driver.
INFO - 2024-11-27 13:27:04 --> Session: Class initialized using 'CodeIgniter\Session\Handlers\FileHandler' driver.
INFO - 2024-11-27 13:27:13 --> Session: Class initialized using 'CodeIgniter\Session\Handlers\FileHandler' driver.
INFO - 2024-11-27 13:30:12 --> Session: Class initialized using 'CodeIgniter\Session\Handlers\FileHandler' driver.
ERROR - 2024-11-27 13:31:51 --> TickTick Login Error: Server error: `POST https://ticktick.com/api/v2/user/signon?wc=true&remember=true` resulted in a `500 Internal Server Error` response:
{"errorId":"1hi8wp75@tw8","errorCode":"incorrect_password_too_many_times","errorMessage":"incorrect_password_too_many_ti (truncated...)

ERROR - 2024-11-27 13:31:51 --> Response Body: {"errorId":"1hi8wp75@tw8","errorCode":"incorrect_password_too_many_times","errorMessage":"incorrect_password_too_many_times","data":null}
ERROR - 2024-11-27 13:53:43 --> TickTick Login Error: Server error: `POST https://ticktick.com/api/v2/user/signon?wc=true&remember=true` resulted in a `500 Internal Server Error` response:
{"errorId":"itgtcys3@tw11","errorCode":"incorrect_password_too_many_times","errorMessage":"incorrect_password_too_many_t (truncated...)

ERROR - 2024-11-27 13:53:43 --> Response Body: {"errorId":"itgtcys3@tw11","errorCode":"incorrect_password_too_many_times","errorMessage":"incorrect_password_too_many_times","data":null}
