INFO - 2024-12-11 06:26:12 --> Session: Class initialized using 'CodeIgniter\Session\Handlers\FileHandler' driver.
INFO - 2024-12-11 06:26:19 --> Session: Class initialized using 'CodeIgniter\Session\Handlers\FileHandler' driver.
INFO - 2024-12-11 06:26:19 --> Session: Class initialized using 'CodeIgniter\Session\Handlers\FileHandler' driver.
INFO - 2024-12-11 06:28:32 --> Session: Class initialized using 'CodeIgniter\Session\Handlers\FileHandler' driver.
INFO - 2024-12-11 06:29:04 --> Session: Class initialized using 'CodeIgniter\Session\Handlers\FileHandler' driver.
INFO - 2024-12-11 06:29:35 --> Session: Class initialized using 'CodeIgniter\Session\Handlers\FileHandler' driver.
INFO - 2024-12-11 06:30:04 --> Session: Class initialized using 'CodeIgniter\Session\Handlers\FileHandler' driver.
INFO - 2024-12-11 06:30:13 --> Session: Class initialized using 'CodeIgniter\Session\Handlers\FileHandler' driver.
INFO - 2024-12-11 06:32:12 --> Session: Class initialized using 'CodeIgniter\Session\Handlers\FileHandler' driver.
INFO - 2024-12-11 06:32:49 --> Session: Class initialized using 'CodeIgniter\Session\Handlers\FileHandler' driver.
INFO - 2024-12-11 06:33:48 --> Session: Class initialized using 'CodeIgniter\Session\Handlers\FileHandler' driver.
INFO - 2024-12-11 06:34:24 --> Session: Class initialized using 'CodeIgniter\Session\Handlers\FileHandler' driver.
INFO - 2024-12-11 06:36:23 --> Session: Class initialized using 'CodeIgniter\Session\Handlers\FileHandler' driver.
INFO - 2024-12-11 06:37:02 --> Session: Class initialized using 'CodeIgniter\Session\Handlers\FileHandler' driver.
INFO - 2024-12-11 06:37:44 --> Session: Class initialized using 'CodeIgniter\Session\Handlers\FileHandler' driver.
INFO - 2024-12-11 06:38:15 --> Session: Class initialized using 'CodeIgniter\Session\Handlers\FileHandler' driver.
INFO - 2024-12-11 06:38:30 --> Session: Class initialized using 'CodeIgniter\Session\Handlers\FileHandler' driver.
INFO - 2024-12-11 06:41:08 --> Session: Class initialized using 'CodeIgniter\Session\Handlers\FileHandler' driver.
INFO - 2024-12-11 06:41:49 --> Session: Class initialized using 'CodeIgniter\Session\Handlers\FileHandler' driver.
INFO - 2024-12-11 06:42:59 --> Session: Class initialized using 'CodeIgniter\Session\Handlers\FileHandler' driver.
INFO - 2024-12-11 06:43:22 --> Session: Class initialized using 'CodeIgniter\Session\Handlers\FileHandler' driver.
INFO - 2024-12-11 07:28:41 --> Session: Class initialized using 'CodeIgniter\Session\Handlers\FileHandler' driver.
INFO - 2024-12-11 07:29:42 --> Session: Class initialized using 'CodeIgniter\Session\Handlers\FileHandler' driver.
INFO - 2024-12-11 07:30:40 --> Session: Class initialized using 'CodeIgniter\Session\Handlers\FileHandler' driver.
INFO - 2024-12-11 07:31:27 --> Session: Class initialized using 'CodeIgniter\Session\Handlers\FileHandler' driver.
INFO - 2024-12-11 07:31:59 --> Session: Class initialized using 'CodeIgniter\Session\Handlers\FileHandler' driver.
INFO - 2024-12-11 07:33:24 --> Session: Class initialized using 'CodeIgniter\Session\Handlers\FileHandler' driver.
INFO - 2024-12-11 07:35:04 --> Session: Class initialized using 'CodeIgniter\Session\Handlers\FileHandler' driver.
INFO - 2024-12-11 07:36:07 --> Session: Class initialized using 'CodeIgniter\Session\Handlers\FileHandler' driver.
INFO - 2024-12-11 07:36:39 --> Session: Class initialized using 'CodeIgniter\Session\Handlers\FileHandler' driver.
INFO - 2024-12-11 07:36:48 --> Session: Class initialized using 'CodeIgniter\Session\Handlers\FileHandler' driver.
INFO - 2024-12-11 07:37:08 --> Session: Class initialized using 'CodeIgniter\Session\Handlers\FileHandler' driver.
INFO - 2024-12-11 07:37:37 --> Session: Class initialized using 'CodeIgniter\Session\Handlers\FileHandler' driver.
INFO - 2024-12-11 07:38:39 --> Session: Class initialized using 'CodeIgniter\Session\Handlers\FileHandler' driver.
INFO - 2024-12-11 07:39:39 --> Session: Class initialized using 'CodeIgniter\Session\Handlers\FileHandler' driver.
INFO - 2024-12-11 07:40:28 --> Session: Class initialized using 'CodeIgniter\Session\Handlers\FileHandler' driver.
INFO - 2024-12-11 07:40:38 --> Session: Class initialized using 'CodeIgniter\Session\Handlers\FileHandler' driver.
INFO - 2024-12-11 07:40:49 --> Session: Class initialized using 'CodeIgniter\Session\Handlers\FileHandler' driver.
INFO - 2024-12-11 07:41:25 --> Session: Class initialized using 'CodeIgniter\Session\Handlers\FileHandler' driver.
INFO - 2024-12-11 07:41:43 --> Session: Class initialized using 'CodeIgniter\Session\Handlers\FileHandler' driver.
INFO - 2024-12-11 07:42:29 --> Session: Class initialized using 'CodeIgniter\Session\Handlers\FileHandler' driver.
INFO - 2024-12-11 07:43:29 --> Session: Class initialized using 'CodeIgniter\Session\Handlers\FileHandler' driver.
INFO - 2024-12-11 07:44:18 --> Session: Class initialized using 'CodeIgniter\Session\Handlers\FileHandler' driver.
INFO - 2024-12-11 07:44:55 --> Session: Class initialized using 'CodeIgniter\Session\Handlers\FileHandler' driver.
INFO - 2024-12-11 07:45:32 --> Session: Class initialized using 'CodeIgniter\Session\Handlers\FileHandler' driver.
INFO - 2024-12-11 07:46:10 --> Session: Class initialized using 'CodeIgniter\Session\Handlers\FileHandler' driver.
INFO - 2024-12-11 07:47:22 --> Session: Class initialized using 'CodeIgniter\Session\Handlers\FileHandler' driver.
INFO - 2024-12-11 07:48:37 --> Session: Class initialized using 'CodeIgniter\Session\Handlers\FileHandler' driver.
INFO - 2024-12-11 07:48:58 --> Session: Class initialized using 'CodeIgniter\Session\Handlers\FileHandler' driver.
INFO - 2024-12-11 07:49:20 --> Session: Class initialized using 'CodeIgniter\Session\Handlers\FileHandler' driver.
INFO - 2024-12-11 07:53:01 --> Session: Class initialized using 'CodeIgniter\Session\Handlers\FileHandler' driver.
INFO - 2024-12-11 07:53:51 --> Session: Class initialized using 'CodeIgniter\Session\Handlers\FileHandler' driver.
INFO - 2024-12-11 07:55:09 --> Session: Class initialized using 'CodeIgniter\Session\Handlers\FileHandler' driver.
INFO - 2024-12-11 07:55:57 --> Session: Class initialized using 'CodeIgniter\Session\Handlers\FileHandler' driver.
INFO - 2024-12-11 07:56:19 --> Session: Class initialized using 'CodeIgniter\Session\Handlers\FileHandler' driver.
INFO - 2024-12-11 07:57:22 --> Session: Class initialized using 'CodeIgniter\Session\Handlers\FileHandler' driver.
INFO - 2024-12-11 08:01:22 --> Session: Class initialized using 'CodeIgniter\Session\Handlers\FileHandler' driver.
INFO - 2024-12-11 08:03:51 --> Session: Class initialized using 'CodeIgniter\Session\Handlers\FileHandler' driver.
INFO - 2024-12-11 08:05:26 --> Session: Class initialized using 'CodeIgniter\Session\Handlers\FileHandler' driver.
INFO - 2024-12-11 08:05:49 --> Session: Class initialized using 'CodeIgniter\Session\Handlers\FileHandler' driver.
INFO - 2024-12-11 08:06:02 --> Session: Class initialized using 'CodeIgniter\Session\Handlers\FileHandler' driver.
INFO - 2024-12-11 08:07:36 --> Session: Class initialized using 'CodeIgniter\Session\Handlers\FileHandler' driver.
INFO - 2024-12-11 11:45:11 --> Session: Class initialized using 'CodeIgniter\Session\Handlers\FileHandler' driver.
INFO - 2024-12-11 11:45:46 --> Session: Class initialized using 'CodeIgniter\Session\Handlers\FileHandler' driver.
INFO - 2024-12-11 11:45:54 --> Session: Class initialized using 'CodeIgniter\Session\Handlers\FileHandler' driver.
INFO - 2024-12-11 11:45:54 --> Session: Class initialized using 'CodeIgniter\Session\Handlers\FileHandler' driver.
INFO - 2024-12-11 11:46:30 --> Session: Class initialized using 'CodeIgniter\Session\Handlers\FileHandler' driver.
INFO - 2024-12-11 11:46:47 --> Session: Class initialized using 'CodeIgniter\Session\Handlers\FileHandler' driver.
INFO - 2024-12-11 12:07:02 --> Session: Class initialized using 'CodeIgniter\Session\Handlers\FileHandler' driver.
INFO - 2024-12-11 12:07:05 --> Access Token: 013ae5a5-8915-41b1-9c23-d3775e6afad0
INFO - 2024-12-11 12:07:05 --> Fetching active tasks for project: 6166b6aea58f1104ed052345
ERROR - 2024-12-11 12:07:06 --> API Request Error: Client error: `GET https://api.ticktick.com/api/v2/project/6166b6aea58f1104ed052345/tasks` resulted in a `401 Unauthorized` response:
{"errorId":"td0so2b5@tw10","errorCode":"user_not_sign_on","errorMessage":"user_not_sign_on","data":null}

ERROR - 2024-12-11 12:07:06 --> Error Response: {"errorId":"td0so2b5@tw10","errorCode":"user_not_sign_on","errorMessage":"user_not_sign_on","data":null}
INFO - 2024-12-11 12:09:27 --> Session: Class initialized using 'CodeIgniter\Session\Handlers\FileHandler' driver.
INFO - 2024-12-11 12:09:30 --> Access Token: 013ae5a5-8915-41b1-9c23-d3775e6afad0
INFO - 2024-12-11 12:09:30 --> Fetching active tasks for project: 6166b6aea58f1104ed052345
ERROR - 2024-12-11 12:09:31 --> API Request Error: Client error: `GET https://api.ticktick.com/api/v2/project/6166b6aea58f1104ed052345/tasks` resulted in a `401 Unauthorized` response:
{"errorId":"59x5dayg@tw8","errorCode":"user_not_sign_on","errorMessage":"user_not_sign_on","data":null}

ERROR - 2024-12-11 12:09:31 --> Error Response: {"errorId":"59x5dayg@tw8","errorCode":"user_not_sign_on","errorMessage":"user_not_sign_on","data":null}
CRITICAL - 2024-12-11 12:09:31 --> TypeError: Cannot access offset of type string on string
[Method: GET, Route: ticktick]
in APPPATH\Controllers\TickTickController.php on line 385.
 1 APPPATH\Controllers\TickTickController.php(57): App\Controllers\TickTickController->setTickTickListsToNotion()
 2 SYSTEMPATH\CodeIgniter.php(933): App\Controllers\TickTickController->index()
 3 SYSTEMPATH\CodeIgniter.php(509): CodeIgniter\CodeIgniter->runController()
 4 SYSTEMPATH\CodeIgniter.php(355): CodeIgniter\CodeIgniter->handleRequest()
 5 SYSTEMPATH\Boot.php(325): CodeIgniter\CodeIgniter->run()
 6 SYSTEMPATH\Boot.php(67): CodeIgniter\Boot::runCodeIgniter()
 7 FCPATH\index.php(56): CodeIgniter\Boot::bootWeb()
 8 SYSTEMPATH\rewrite.php(44): require_once('C:\\Users\\faruk\\Documents\\github\\ticktick-notion-php\\public\\index.php')
INFO - 2024-12-11 12:10:35 --> Session: Class initialized using 'CodeIgniter\Session\Handlers\FileHandler' driver.
INFO - 2024-12-11 12:10:35 --> Session: Class initialized using 'CodeIgniter\Session\Handlers\FileHandler' driver.
INFO - 2024-12-11 12:10:37 --> Access Token: 013ae5a5-8915-41b1-9c23-d3775e6afad0
INFO - 2024-12-11 12:10:37 --> Fetching active tasks for project: 6166b6aea58f1104ed052345
INFO - 2024-12-11 12:14:27 --> Session: Class initialized using 'CodeIgniter\Session\Handlers\FileHandler' driver.
INFO - 2024-12-11 12:14:30 --> Access Token: 013ae5a5-8915-41b1-9c23-d3775e6afad0
INFO - 2024-12-11 12:14:30 --> Fetching active tasks for project: 6166b6aea58f1104ed052345
INFO - 2024-12-11 12:25:42 --> Session: Class initialized using 'CodeIgniter\Session\Handlers\FileHandler' driver.
INFO - 2024-12-11 12:25:44 --> Access Token: 013ae5a5-8915-41b1-9c23-d3775e6afad0
INFO - 2024-12-11 12:25:44 --> Fetching active tasks for project: 6166b6aea58f1104ed052345
INFO - 2024-12-11 12:26:22 --> Session: Class initialized using 'CodeIgniter\Session\Handlers\FileHandler' driver.
INFO - 2024-12-11 12:26:26 --> Access Token: 013ae5a5-8915-41b1-9c23-d3775e6afad0
INFO - 2024-12-11 12:26:26 --> Fetching active tasks for project: 6166b6aea58f1104ed052345
INFO - 2024-12-11 12:27:55 --> Session: Class initialized using 'CodeIgniter\Session\Handlers\FileHandler' driver.
INFO - 2024-12-11 12:27:58 --> Access Token: 013ae5a5-8915-41b1-9c23-d3775e6afad0
INFO - 2024-12-11 12:27:58 --> Fetching active tasks for project: 6166b6aea58f1104ed052345
INFO - 2024-12-11 12:28:42 --> Session: Class initialized using 'CodeIgniter\Session\Handlers\FileHandler' driver.
INFO - 2024-12-11 12:28:46 --> Access Token: 013ae5a5-8915-41b1-9c23-d3775e6afad0
INFO - 2024-12-11 12:28:46 --> Fetching active tasks for project: 6166b6aea58f1104ed052345
INFO - 2024-12-11 12:29:07 --> Session: Class initialized using 'CodeIgniter\Session\Handlers\FileHandler' driver.
INFO - 2024-12-11 12:29:10 --> Access Token: 013ae5a5-8915-41b1-9c23-d3775e6afad0
INFO - 2024-12-11 12:29:10 --> Fetching active tasks for project: 6166b6aea58f1104ed052345
INFO - 2024-12-11 12:29:12 --> Session: Class initialized using 'CodeIgniter\Session\Handlers\FileHandler' driver.
INFO - 2024-12-11 12:29:16 --> Access Token: 013ae5a5-8915-41b1-9c23-d3775e6afad0
INFO - 2024-12-11 12:29:16 --> Fetching active tasks for project: 6166b6aea58f1104ed052345
INFO - 2024-12-11 12:29:27 --> Session: Class initialized using 'CodeIgniter\Session\Handlers\FileHandler' driver.
INFO - 2024-12-11 12:29:30 --> Access Token: 013ae5a5-8915-41b1-9c23-d3775e6afad0
INFO - 2024-12-11 12:29:30 --> Fetching active tasks for project: 6166b6aea58f1104ed052345
INFO - 2024-12-11 12:29:40 --> Session: Class initialized using 'CodeIgniter\Session\Handlers\FileHandler' driver.
INFO - 2024-12-11 12:29:43 --> Access Token: 013ae5a5-8915-41b1-9c23-d3775e6afad0
INFO - 2024-12-11 12:29:43 --> Fetching active tasks for project: 6166b6aea58f1104ed052345
INFO - 2024-12-11 12:30:20 --> Session: Class initialized using 'CodeIgniter\Session\Handlers\FileHandler' driver.
INFO - 2024-12-11 12:30:24 --> Access Token: 013ae5a5-8915-41b1-9c23-d3775e6afad0
INFO - 2024-12-11 12:30:24 --> Fetching active tasks for project: 6166b6aea58f1104ed052345
INFO - 2024-12-11 12:30:32 --> Session: Class initialized using 'CodeIgniter\Session\Handlers\FileHandler' driver.
INFO - 2024-12-11 12:30:38 --> Access Token: 013ae5a5-8915-41b1-9c23-d3775e6afad0
INFO - 2024-12-11 12:30:38 --> Fetching active tasks for project: 6166b6aea58f1104ed052345
INFO - 2024-12-11 12:30:44 --> Session: Class initialized using 'CodeIgniter\Session\Handlers\FileHandler' driver.
INFO - 2024-12-11 12:30:47 --> Access Token: 013ae5a5-8915-41b1-9c23-d3775e6afad0
INFO - 2024-12-11 12:30:47 --> Fetching active tasks for project: 6166b6aea58f1104ed052345
INFO - 2024-12-11 12:31:53 --> Session: Class initialized using 'CodeIgniter\Session\Handlers\FileHandler' driver.
INFO - 2024-12-11 12:31:55 --> Access Token: 013ae5a5-8915-41b1-9c23-d3775e6afad0
INFO - 2024-12-11 12:31:55 --> Fetching active tasks for project: 6166b6aea58f1104ed052345
INFO - 2024-12-11 12:32:11 --> Session: Class initialized using 'CodeIgniter\Session\Handlers\FileHandler' driver.
INFO - 2024-12-11 12:32:15 --> Access Token: 013ae5a5-8915-41b1-9c23-d3775e6afad0
INFO - 2024-12-11 12:32:15 --> Fetching active tasks for project: 6166b6aea58f1104ed052345
INFO - 2024-12-11 12:32:29 --> Session: Class initialized using 'CodeIgniter\Session\Handlers\FileHandler' driver.
INFO - 2024-12-11 12:32:32 --> Access Token: 013ae5a5-8915-41b1-9c23-d3775e6afad0
INFO - 2024-12-11 12:32:32 --> Fetching active tasks for project: 6166b6aea58f1104ed052345
INFO - 2024-12-11 12:33:07 --> Session: Class initialized using 'CodeIgniter\Session\Handlers\FileHandler' driver.
INFO - 2024-12-11 12:33:10 --> Access Token: 013ae5a5-8915-41b1-9c23-d3775e6afad0
INFO - 2024-12-11 12:33:10 --> Fetching active tasks for project: 6166b6aea58f1104ed052345
INFO - 2024-12-11 12:33:29 --> Session: Class initialized using 'CodeIgniter\Session\Handlers\FileHandler' driver.
INFO - 2024-12-11 12:33:33 --> Access Token: 013ae5a5-8915-41b1-9c23-d3775e6afad0
INFO - 2024-12-11 12:33:33 --> Fetching active tasks for project: 6166b6aea58f1104ed052345
INFO - 2024-12-11 12:34:25 --> Session: Class initialized using 'CodeIgniter\Session\Handlers\FileHandler' driver.
INFO - 2024-12-11 12:34:28 --> Access Token: 013ae5a5-8915-41b1-9c23-d3775e6afad0
INFO - 2024-12-11 12:34:28 --> Fetching active tasks for project: 6166b6aea58f1104ed052345
INFO - 2024-12-11 12:34:54 --> Session: Class initialized using 'CodeIgniter\Session\Handlers\FileHandler' driver.
INFO - 2024-12-11 12:35:01 --> Access Token: 013ae5a5-8915-41b1-9c23-d3775e6afad0
INFO - 2024-12-11 12:35:01 --> Fetching active tasks for project: 6166b6aea58f1104ed052345
INFO - 2024-12-11 12:35:18 --> Session: Class initialized using 'CodeIgniter\Session\Handlers\FileHandler' driver.
INFO - 2024-12-11 12:35:22 --> Access Token: 013ae5a5-8915-41b1-9c23-d3775e6afad0
INFO - 2024-12-11 12:35:22 --> Fetching active tasks for project: 6166b6aea58f1104ed052345
INFO - 2024-12-11 12:37:56 --> Session: Class initialized using 'CodeIgniter\Session\Handlers\FileHandler' driver.
INFO - 2024-12-11 12:38:00 --> Access Token: 013ae5a5-8915-41b1-9c23-d3775e6afad0
INFO - 2024-12-11 12:38:00 --> Fetching active tasks for project: 6166b6aea58f1104ed052345
INFO - 2024-12-11 12:38:07 --> Session: Class initialized using 'CodeIgniter\Session\Handlers\FileHandler' driver.
INFO - 2024-12-11 12:38:10 --> Access Token: 013ae5a5-8915-41b1-9c23-d3775e6afad0
INFO - 2024-12-11 12:38:10 --> Fetching active tasks for project: 6166b6aea58f1104ed052345
INFO - 2024-12-11 12:39:30 --> Session: Class initialized using 'CodeIgniter\Session\Handlers\FileHandler' driver.
INFO - 2024-12-11 12:39:33 --> Access Token: 013ae5a5-8915-41b1-9c23-d3775e6afad0
INFO - 2024-12-11 12:39:33 --> Fetching active tasks for project: 6166b6aea58f1104ed052345
INFO - 2024-12-11 12:39:51 --> Session: Class initialized using 'CodeIgniter\Session\Handlers\FileHandler' driver.
INFO - 2024-12-11 12:39:53 --> Access Token: 013ae5a5-8915-41b1-9c23-d3775e6afad0
INFO - 2024-12-11 12:39:53 --> Fetching active tasks for project: 6166b6aea58f1104ed052345
INFO - 2024-12-11 12:40:17 --> Session: Class initialized using 'CodeIgniter\Session\Handlers\FileHandler' driver.
INFO - 2024-12-11 12:40:26 --> Access Token: 013ae5a5-8915-41b1-9c23-d3775e6afad0
INFO - 2024-12-11 12:40:26 --> Fetching active tasks for project: 6166b6aea58f1104ed052345
INFO - 2024-12-11 12:41:02 --> Session: Class initialized using 'CodeIgniter\Session\Handlers\FileHandler' driver.
INFO - 2024-12-11 12:41:05 --> Access Token: 013ae5a5-8915-41b1-9c23-d3775e6afad0
INFO - 2024-12-11 12:41:05 --> Fetching active tasks for project: 6166b6aea58f1104ed052345
INFO - 2024-12-11 12:41:55 --> Session: Class initialized using 'CodeIgniter\Session\Handlers\FileHandler' driver.
INFO - 2024-12-11 12:41:58 --> Access Token: 013ae5a5-8915-41b1-9c23-d3775e6afad0
INFO - 2024-12-11 12:41:58 --> Fetching active tasks for project: 6166b6aea58f1104ed052345
INFO - 2024-12-11 12:43:19 --> Session: Class initialized using 'CodeIgniter\Session\Handlers\FileHandler' driver.
INFO - 2024-12-11 12:43:21 --> Access Token: 013ae5a5-8915-41b1-9c23-d3775e6afad0
INFO - 2024-12-11 12:43:21 --> Fetching active tasks for project: 6166b6aea58f1104ed052345
INFO - 2024-12-11 12:47:52 --> Session: Class initialized using 'CodeIgniter\Session\Handlers\FileHandler' driver.
INFO - 2024-12-11 12:47:55 --> Access Token: 013ae5a5-8915-41b1-9c23-d3775e6afad0
INFO - 2024-12-11 12:47:55 --> Fetching active tasks for project: 6166b6aea58f1104ed052345
INFO - 2024-12-11 12:49:05 --> Session: Class initialized using 'CodeIgniter\Session\Handlers\FileHandler' driver.
INFO - 2024-12-11 12:49:08 --> Access Token: 013ae5a5-8915-41b1-9c23-d3775e6afad0
INFO - 2024-12-11 12:49:08 --> Fetching active tasks for project: 6166b6aea58f1104ed052345
INFO - 2024-12-11 12:50:59 --> Session: Class initialized using 'CodeIgniter\Session\Handlers\FileHandler' driver.
INFO - 2024-12-11 12:51:03 --> Access Token: 013ae5a5-8915-41b1-9c23-d3775e6afad0
INFO - 2024-12-11 12:51:03 --> Fetching active tasks for project: 6166b6aea58f1104ed052345
INFO - 2024-12-11 12:52:07 --> Session: Class initialized using 'CodeIgniter\Session\Handlers\FileHandler' driver.
INFO - 2024-12-11 12:52:10 --> Access Token: 013ae5a5-8915-41b1-9c23-d3775e6afad0
INFO - 2024-12-11 12:52:10 --> Fetching active tasks for project: 6166b6aea58f1104ed052345
INFO - 2024-12-11 12:52:52 --> Session: Class initialized using 'CodeIgniter\Session\Handlers\FileHandler' driver.
INFO - 2024-12-11 12:52:55 --> Access Token: 013ae5a5-8915-41b1-9c23-d3775e6afad0
INFO - 2024-12-11 12:52:55 --> Fetching active tasks for project: 6166b6aea58f1104ed052345
INFO - 2024-12-11 12:54:00 --> Session: Class initialized using 'CodeIgniter\Session\Handlers\FileHandler' driver.
INFO - 2024-12-11 12:54:08 --> Access Token: 013ae5a5-8915-41b1-9c23-d3775e6afad0
INFO - 2024-12-11 12:54:08 --> Fetching active tasks for project: 6166b6aea58f1104ed052345
CRITICAL - 2024-12-11 12:54:30 --> ErrorException: Maximum execution time of 30 seconds exceeded
[Method: GET, Route: /]
in VENDORPATH\guzzlehttp\guzzle\src\Handler\CurlFactory.php on line 693.
 1 [internal function]: CodeIgniter\Debug\Exceptions->shutdownHandler()
INFO - 2024-12-11 12:55:10 --> Session: Class initialized using 'CodeIgniter\Session\Handlers\FileHandler' driver.
INFO - 2024-12-11 12:55:14 --> Access Token: 013ae5a5-8915-41b1-9c23-d3775e6afad0
INFO - 2024-12-11 12:55:14 --> Fetching active tasks for project: 6166b6aea58f1104ed052345
INFO - 2024-12-11 12:56:02 --> Session: Class initialized using 'CodeIgniter\Session\Handlers\FileHandler' driver.
INFO - 2024-12-11 12:56:08 --> Access Token: 013ae5a5-8915-41b1-9c23-d3775e6afad0
INFO - 2024-12-11 12:56:08 --> Fetching active tasks for project: 6166b6aea58f1104ed052345
CRITICAL - 2024-12-11 12:56:32 --> ErrorException: Maximum execution time of 30 seconds exceeded
[Method: GET, Route: /]
in VENDORPATH\guzzlehttp\guzzle\src\Handler\CurlFactory.php on line 693.
 1 [internal function]: CodeIgniter\Debug\Exceptions->shutdownHandler()
INFO - 2024-12-11 12:57:04 --> Session: Class initialized using 'CodeIgniter\Session\Handlers\FileHandler' driver.
INFO - 2024-12-11 12:57:08 --> Access Token: 013ae5a5-8915-41b1-9c23-d3775e6afad0
INFO - 2024-12-11 12:57:08 --> Fetching active tasks for project: 6166b6aea58f1104ed052345
CRITICAL - 2024-12-11 12:57:34 --> ErrorException: Maximum execution time of 30 seconds exceeded
[Method: GET, Route: /]
in VENDORPATH\guzzlehttp\guzzle\src\Handler\CurlFactory.php on line 693.
 1 [internal function]: CodeIgniter\Debug\Exceptions->shutdownHandler()
INFO - 2024-12-11 13:00:02 --> Session: Class initialized using 'CodeIgniter\Session\Handlers\FileHandler' driver.
INFO - 2024-12-11 13:00:08 --> Access Token: 013ae5a5-8915-41b1-9c23-d3775e6afad0
INFO - 2024-12-11 13:00:08 --> Fetching active tasks for project: 6166b6aea58f1104ed052345
CRITICAL - 2024-12-11 13:00:32 --> ErrorException: Maximum execution time of 30 seconds exceeded
[Method: GET, Route: /]
in VENDORPATH\guzzlehttp\guzzle\src\Handler\CurlFactory.php on line 693.
 1 [internal function]: CodeIgniter\Debug\Exceptions->shutdownHandler()
INFO - 2024-12-11 13:00:32 --> Session: Class initialized using 'CodeIgniter\Session\Handlers\FileHandler' driver.
INFO - 2024-12-11 13:00:38 --> Access Token: 013ae5a5-8915-41b1-9c23-d3775e6afad0
INFO - 2024-12-11 13:00:38 --> Fetching active tasks for project: 6166b6aea58f1104ed052345
INFO - 2024-12-11 13:01:38 --> Session: Class initialized using 'CodeIgniter\Session\Handlers\FileHandler' driver.
INFO - 2024-12-11 13:01:41 --> Access Token: 013ae5a5-8915-41b1-9c23-d3775e6afad0
INFO - 2024-12-11 13:01:41 --> Fetching active tasks for project: 6166b6aea58f1104ed052345
INFO - 2024-12-11 13:01:57 --> Session: Class initialized using 'CodeIgniter\Session\Handlers\FileHandler' driver.
INFO - 2024-12-11 13:02:00 --> Access Token: 013ae5a5-8915-41b1-9c23-d3775e6afad0
INFO - 2024-12-11 13:02:00 --> Fetching active tasks for project: 6166b6aea58f1104ed052345
INFO - 2024-12-11 13:02:10 --> Session: Class initialized using 'CodeIgniter\Session\Handlers\FileHandler' driver.
INFO - 2024-12-11 13:02:15 --> Access Token: 013ae5a5-8915-41b1-9c23-d3775e6afad0
INFO - 2024-12-11 13:02:15 --> Fetching active tasks for project: 6166b6aea58f1104ed052345
CRITICAL - 2024-12-11 13:02:40 --> ErrorException: Maximum execution time of 30 seconds exceeded
[Method: GET, Route: /]
in VENDORPATH\guzzlehttp\guzzle\src\Handler\CurlFactory.php on line 693.
 1 [internal function]: CodeIgniter\Debug\Exceptions->shutdownHandler()
INFO - 2024-12-11 13:04:25 --> Session: Class initialized using 'CodeIgniter\Session\Handlers\FileHandler' driver.
INFO - 2024-12-11 13:04:28 --> Access Token: 013ae5a5-8915-41b1-9c23-d3775e6afad0
INFO - 2024-12-11 13:04:28 --> Fetching active tasks for project: 6166b6aea58f1104ed052345
CRITICAL - 2024-12-11 13:04:55 --> ErrorException: Maximum execution time of 30 seconds exceeded
[Method: GET, Route: /]
in VENDORPATH\guzzlehttp\guzzle\src\Handler\CurlFactory.php on line 693.
 1 [internal function]: CodeIgniter\Debug\Exceptions->shutdownHandler()
INFO - 2024-12-11 13:07:05 --> Session: Class initialized using 'CodeIgniter\Session\Handlers\FileHandler' driver.
INFO - 2024-12-11 13:07:09 --> Access Token: 013ae5a5-8915-41b1-9c23-d3775e6afad0
INFO - 2024-12-11 13:07:09 --> Fetching active tasks for project: 6166b6aea58f1104ed052345
CRITICAL - 2024-12-11 13:07:35 --> ErrorException: Maximum execution time of 30 seconds exceeded
[Method: GET, Route: /]
in VENDORPATH\guzzlehttp\guzzle\src\Handler\CurlFactory.php on line 693.
 1 [internal function]: CodeIgniter\Debug\Exceptions->shutdownHandler()
INFO - 2024-12-11 13:12:10 --> Session: Class initialized using 'CodeIgniter\Session\Handlers\FileHandler' driver.
WARNING - 2024-12-11 13:12:11 --> Basarili bir sekilde Listeler alindi
WARNING - 2024-12-11 13:12:13 --> Basarili bir sekilde Notiondan Listeler alindi
WARNING - 2024-12-11 13:12:13 --> Basarili bir sekilde Notiona Listeler gonderildi
INFO - 2024-12-11 13:12:13 --> Access Token: 013ae5a5-8915-41b1-9c23-d3775e6afad0
INFO - 2024-12-11 13:12:13 --> Fetching active tasks for project: 6166b6aea58f1104ed052345
WARNING - 2024-12-11 13:12:15 --> Basarili bir sekilde Listelerin tasklari alindi
CRITICAL - 2024-12-11 13:12:40 --> ErrorException: Maximum execution time of 30 seconds exceeded
[Method: GET, Route: /]
in VENDORPATH\guzzlehttp\guzzle\src\Handler\CurlFactory.php on line 693.
 1 [internal function]: CodeIgniter\Debug\Exceptions->shutdownHandler()
CRITICAL - 2024-12-11 13:36:06 --> ParseError: syntax error, unexpected variable "$pool"
[Method: GET, Route: /]
in APPPATH\Controllers\TickTickController.php on line 490.
 1 SYSTEMPATH\Autoloader\Autoloader.php(296): CodeIgniter\Autoloader\Autoloader->includeFile()
 2 SYSTEMPATH\Autoloader\Autoloader.php(272): CodeIgniter\Autoloader\Autoloader->loadInNamespace()
 3 [internal function]: CodeIgniter\Autoloader\Autoloader->loadClass()
 4 SYSTEMPATH\CodeIgniter.php(887): class_exists()
 5 SYSTEMPATH\CodeIgniter.php(496): CodeIgniter\CodeIgniter->startController()
 6 SYSTEMPATH\CodeIgniter.php(355): CodeIgniter\CodeIgniter->handleRequest()
 7 SYSTEMPATH\Boot.php(325): CodeIgniter\CodeIgniter->run()
 8 SYSTEMPATH\Boot.php(67): CodeIgniter\Boot::runCodeIgniter()
 9 FCPATH\index.php(56): CodeIgniter\Boot::bootWeb()
10 SYSTEMPATH\rewrite.php(44): require_once('C:\\Users\\faruk\\Documents\\github\\ticktick-notion-php\\public\\index.php')
INFO - 2024-12-11 13:38:41 --> Session: Class initialized using 'CodeIgniter\Session\Handlers\FileHandler' driver.
WARNING - 2024-12-11 13:38:42 --> Basarili bir sekilde Listeler alindi
WARNING - 2024-12-11 13:38:43 --> Basarili bir sekilde Notiondan Listeler alindi
WARNING - 2024-12-11 13:38:47 --> Basarili bir sekilde Notiona Listeler gonderildi
INFO - 2024-12-11 13:38:47 --> Access Token: 013ae5a5-8915-41b1-9c23-d3775e6afad0
INFO - 2024-12-11 13:38:47 --> Fetching active tasks for project: 6166b6aea58f1104ed052345
WARNING - 2024-12-11 13:38:49 --> Basarili bir sekilde Listelerin tasklari alindi
INFO - 2024-12-11 13:40:39 --> Session: Class initialized using 'CodeIgniter\Session\Handlers\FileHandler' driver.
WARNING - 2024-12-11 13:40:40 --> Basarili bir sekilde Listeler alindi
WARNING - 2024-12-11 13:40:41 --> Basarili bir sekilde Notiondan Listeler alindi
WARNING - 2024-12-11 13:40:41 --> Basarili bir sekilde Notiona Listeler gonderildi
INFO - 2024-12-11 13:40:41 --> Access Token: 013ae5a5-8915-41b1-9c23-d3775e6afad0
INFO - 2024-12-11 13:40:41 --> Fetching active tasks for project: 6166b6aea58f1104ed052345
WARNING - 2024-12-11 13:40:42 --> Basarili bir sekilde Listelerin tasklari alindi
INFO - 2024-12-11 13:41:09 --> Session: Class initialized using 'CodeIgniter\Session\Handlers\FileHandler' driver.
WARNING - 2024-12-11 13:41:10 --> Basarili bir sekilde Listeler alindi
WARNING - 2024-12-11 13:41:11 --> Basarili bir sekilde Notiondan Listeler alindi
WARNING - 2024-12-11 13:41:18 --> Basarili bir sekilde Notiona Listeler gonderildi
INFO - 2024-12-11 13:41:18 --> Access Token: 013ae5a5-8915-41b1-9c23-d3775e6afad0
INFO - 2024-12-11 13:41:18 --> Fetching active tasks for project: 6166b6aea58f1104ed052345
WARNING - 2024-12-11 13:41:20 --> Basarili bir sekilde Listelerin tasklari alindi
INFO - 2024-12-11 13:42:13 --> Session: Class initialized using 'CodeIgniter\Session\Handlers\FileHandler' driver.
WARNING - 2024-12-11 13:42:14 --> Basarili bir sekilde Listeler alindi
WARNING - 2024-12-11 13:42:14 --> Basarili bir sekilde Notiondan Listeler alindi
WARNING - 2024-12-11 13:42:16 --> Basarili bir sekilde Notiona Listeler gonderildi
INFO - 2024-12-11 13:42:16 --> Access Token: 013ae5a5-8915-41b1-9c23-d3775e6afad0
INFO - 2024-12-11 13:42:16 --> Fetching active tasks for project: 6166b6aea58f1104ed052345
WARNING - 2024-12-11 13:42:17 --> Basarili bir sekilde Listelerin tasklari alindi
INFO - 2024-12-11 13:43:09 --> Session: Class initialized using 'CodeIgniter\Session\Handlers\FileHandler' driver.
WARNING - 2024-12-11 13:43:10 --> Basarili bir sekilde Listeler alindi
WARNING - 2024-12-11 13:43:11 --> Basarili bir sekilde Notiondan Listeler alindi
WARNING - 2024-12-11 13:43:12 --> Basarili bir sekilde Notiona Listeler gonderildi
INFO - 2024-12-11 13:43:12 --> Access Token: 013ae5a5-8915-41b1-9c23-d3775e6afad0
INFO - 2024-12-11 13:43:12 --> Fetching active tasks for project: 6166b6aea58f1104ed052345
WARNING - 2024-12-11 13:43:13 --> Basarili bir sekilde Listelerin tasklari alindi
INFO - 2024-12-11 13:44:06 --> Session: Class initialized using 'CodeIgniter\Session\Handlers\FileHandler' driver.
WARNING - 2024-12-11 13:44:07 --> Basarili bir sekilde Listeler alindi
WARNING - 2024-12-11 13:44:08 --> Basarili bir sekilde Notiondan Listeler alindi
WARNING - 2024-12-11 13:44:08 --> Basarili bir sekilde Notiona Listeler gonderildi
INFO - 2024-12-11 13:44:08 --> Access Token: 013ae5a5-8915-41b1-9c23-d3775e6afad0
INFO - 2024-12-11 13:44:08 --> Fetching active tasks for project: 6166b6aea58f1104ed052345
WARNING - 2024-12-11 13:44:10 --> Basarili bir sekilde Listelerin tasklari alindi
INFO - 2024-12-11 13:46:08 --> Session: Class initialized using 'CodeIgniter\Session\Handlers\FileHandler' driver.
WARNING - 2024-12-11 13:46:09 --> Basarili bir sekilde Listeler alindi
WARNING - 2024-12-11 13:46:10 --> Basarili bir sekilde Notiondan Listeler alindi
WARNING - 2024-12-11 13:46:11 --> Basarili bir sekilde Notiona Listeler gonderildi
INFO - 2024-12-11 13:46:11 --> Access Token: 013ae5a5-8915-41b1-9c23-d3775e6afad0
INFO - 2024-12-11 13:46:11 --> Fetching active tasks for project: 6166b6aea58f1104ed052345
WARNING - 2024-12-11 13:46:12 --> Basarili bir sekilde Listelerin tasklari alindi
INFO - 2024-12-11 13:47:58 --> Session: Class initialized using 'CodeIgniter\Session\Handlers\FileHandler' driver.
WARNING - 2024-12-11 13:47:59 --> Basarili bir sekilde Listeler alindi
WARNING - 2024-12-11 13:47:59 --> Basarili bir sekilde Notiondan Listeler alindi
WARNING - 2024-12-11 13:48:01 --> Basarili bir sekilde Notiona Listeler gonderildi
INFO - 2024-12-11 13:48:01 --> Access Token: 013ae5a5-8915-41b1-9c23-d3775e6afad0
INFO - 2024-12-11 13:48:01 --> Fetching active tasks for project: 6166b6aea58f1104ed052345
WARNING - 2024-12-11 13:48:02 --> Basarili bir sekilde Listelerin tasklari alindi
INFO - 2024-12-11 13:48:33 --> Session: Class initialized using 'CodeIgniter\Session\Handlers\FileHandler' driver.
WARNING - 2024-12-11 13:48:34 --> Basarili bir sekilde Listeler alindi
WARNING - 2024-12-11 13:48:35 --> Basarili bir sekilde Notiondan Listeler alindi
WARNING - 2024-12-11 13:48:39 --> Basarili bir sekilde Notiona Listeler gonderildi
INFO - 2024-12-11 13:48:39 --> Access Token: 013ae5a5-8915-41b1-9c23-d3775e6afad0
INFO - 2024-12-11 13:48:39 --> Fetching active tasks for project: 6166b6aea58f1104ed052345
WARNING - 2024-12-11 13:48:41 --> Basarili bir sekilde Listelerin tasklari alindi
INFO - 2024-12-11 13:52:56 --> Session: Class initialized using 'CodeIgniter\Session\Handlers\FileHandler' driver.
WARNING - 2024-12-11 13:52:57 --> Basarili bir sekilde Listeler alindi
WARNING - 2024-12-11 13:52:58 --> Basarili bir sekilde Notiondan Listeler alindi
WARNING - 2024-12-11 13:52:58 --> Basarili bir sekilde Notiona Listeler gonderildi
INFO - 2024-12-11 13:52:58 --> Access Token: 013ae5a5-8915-41b1-9c23-d3775e6afad0
INFO - 2024-12-11 13:52:58 --> Fetching active tasks for project: 6166b6aea58f1104ed052345
WARNING - 2024-12-11 13:53:00 --> Basarili bir sekilde Listelerin tasklari alindi
INFO - 2024-12-11 13:53:12 --> Session: Class initialized using 'CodeIgniter\Session\Handlers\FileHandler' driver.
WARNING - 2024-12-11 13:53:13 --> Basarili bir sekilde Listeler alindi
WARNING - 2024-12-11 13:53:14 --> Basarili bir sekilde Notiondan Listeler alindi
WARNING - 2024-12-11 13:53:14 --> Basarili bir sekilde Notiona Listeler gonderildi
INFO - 2024-12-11 13:53:14 --> Access Token: 013ae5a5-8915-41b1-9c23-d3775e6afad0
INFO - 2024-12-11 13:53:14 --> Fetching active tasks for project: 6166b6aea58f1104ed052345
WARNING - 2024-12-11 13:53:16 --> Basarili bir sekilde Listelerin tasklari alindi
INFO - 2024-12-11 13:54:16 --> Session: Class initialized using 'CodeIgniter\Session\Handlers\FileHandler' driver.
WARNING - 2024-12-11 13:54:17 --> Basarili bir sekilde Listeler alindi
WARNING - 2024-12-11 13:54:18 --> Basarili bir sekilde Notiondan Listeler alindi
WARNING - 2024-12-11 13:54:18 --> Basarili bir sekilde Notiona Listeler gonderildi
INFO - 2024-12-11 13:54:18 --> Access Token: 013ae5a5-8915-41b1-9c23-d3775e6afad0
INFO - 2024-12-11 13:54:18 --> Fetching active tasks for project: 6166b6aea58f1104ed052345
WARNING - 2024-12-11 13:54:20 --> Basarili bir sekilde Listelerin tasklari alindi
INFO - 2024-12-11 13:56:01 --> Session: Class initialized using 'CodeIgniter\Session\Handlers\FileHandler' driver.
WARNING - 2024-12-11 13:56:02 --> Basarili bir sekilde Listeler alindi
WARNING - 2024-12-11 13:56:03 --> Basarili bir sekilde Notiondan Listeler alindi
WARNING - 2024-12-11 13:56:05 --> Basarili bir sekilde Notiona Listeler gonderildi
INFO - 2024-12-11 13:56:05 --> Access Token: 013ae5a5-8915-41b1-9c23-d3775e6afad0
INFO - 2024-12-11 13:56:05 --> Fetching active tasks for project: 6166b6aea58f1104ed052345
WARNING - 2024-12-11 13:56:07 --> Basarili bir sekilde Listelerin tasklari alindi
INFO - 2024-12-11 13:56:37 --> Session: Class initialized using 'CodeIgniter\Session\Handlers\FileHandler' driver.
WARNING - 2024-12-11 13:56:38 --> Basarili bir sekilde Listeler alindi
WARNING - 2024-12-11 13:56:39 --> Basarili bir sekilde Notiondan Listeler alindi
WARNING - 2024-12-11 13:56:39 --> Basarili bir sekilde Notiona Listeler gonderildi
INFO - 2024-12-11 13:56:39 --> Access Token: 013ae5a5-8915-41b1-9c23-d3775e6afad0
INFO - 2024-12-11 13:56:39 --> Fetching active tasks for project: 6166b6aea58f1104ed052345
WARNING - 2024-12-11 13:56:41 --> Basarili bir sekilde Listelerin tasklari alindi
INFO - 2024-12-11 14:01:30 --> Session: Class initialized using 'CodeIgniter\Session\Handlers\FileHandler' driver.
WARNING - 2024-12-11 14:01:31 --> Basarili bir sekilde Listeler alindi
WARNING - 2024-12-11 14:01:32 --> Basarili bir sekilde Notiondan Listeler alindi
WARNING - 2024-12-11 14:01:33 --> Basarili bir sekilde Notiona Listeler gonderildi
INFO - 2024-12-11 14:01:33 --> Access Token: 013ae5a5-8915-41b1-9c23-d3775e6afad0
INFO - 2024-12-11 14:01:33 --> Fetching active tasks for project: 6166b6aea58f1104ed052345
WARNING - 2024-12-11 14:01:34 --> Basarili bir sekilde Listelerin tasklari alindi
INFO - 2024-12-11 14:04:55 --> Session: Class initialized using 'CodeIgniter\Session\Handlers\FileHandler' driver.
WARNING - 2024-12-11 14:04:56 --> Basarili bir sekilde Listeler alindi
WARNING - 2024-12-11 14:04:57 --> Basarili bir sekilde Notiondan Listeler alindi
WARNING - 2024-12-11 14:04:58 --> Basarili bir sekilde Notiona Listeler gonderildi
INFO - 2024-12-11 14:04:58 --> Access Token: 013ae5a5-8915-41b1-9c23-d3775e6afad0
INFO - 2024-12-11 14:04:58 --> Fetching active tasks for project: 6166b6aea58f1104ed052345
WARNING - 2024-12-11 14:04:59 --> Basarili bir sekilde Listelerin tasklari alindi
